INFO  time: initialize in 0.81s
WARN  no build tool detected in workspace 'E:\ScalaTutorial4'. The most common cause for this problem is that the editor was opened in the wrong working directory, for example if you use sbt then the workspace directory should contain build.sbt. 
WARN  no build target: E:\ScalaTutorial4\1.scala
INFO  no build target: using presentation compiler with only scala-library
WARN  no build tool detected in workspace 'E:\ScalaTutorial4'. The most common cause for this problem is that the editor was opened in the wrong working directory, for example if you use sbt then the workspace directory should contain build.sbt. 
WARN  no build tool detected in workspace 'E:\ScalaTutorial4'. The most common cause for this problem is that the editor was opened in the wrong working directory, for example if you use sbt then the workspace directory should contain build.sbt. 
WARN  no build target: E:\ScalaTutorial4\1.scala
WARN  no build target: 
WARN  no build tool detected in workspace 'E:\ScalaTutorial4'. The most common cause for this problem is that the editor was opened in the wrong working directory, for example if you use sbt then the workspace directory should contain build.sbt. 
WARN  no build target: E:\ScalaTutorial4\1.scala
WARN  no build target: 
WARN  no build target: E:\ScalaTutorial4\1.scala
WARN  no build target: 
WARN  no build target: E:\ScalaTutorial4\1.scala
WARN  no build target: 
WARN  no build target: E:\ScalaTutorial4\1.scala
WARN  no build target: 
WARN  no build target: E:\ScalaTutorial4\1.scala
WARN  no build target: 
WARN  no build target: E:\ScalaTutorial4\1.scala
WARN  no build target: 
WARN  no build target: E:\ScalaTutorial4\1.scala
WARN  no build target: 
WARN  no build target: E:\ScalaTutorial4\1.scala
WARN  no build target: 
WARN  no build target: E:\ScalaTutorial4\1.scala
WARN  no build target: 
WARN  no build target: E:\ScalaTutorial4\2.scala
WARN  no build target: E:\ScalaTutorial4\2.scala
WARN  no build target: E:\ScalaTutorial4\3.scala
WARN  no build target: E:\ScalaTutorial4\3.scala
WARN  no build target: E:\ScalaTutorial4\4.scala
WARN  no build target: E:\ScalaTutorial4\4.scala
WARN  no build target: E:\ScalaTutorial4\5.scala
WARN  no build target: E:\ScalaTutorial4\5.scala
WARN  no build tool detected in workspace 'E:\ScalaTutorial4'. The most common cause for this problem is that the editor was opened in the wrong working directory, for example if you use sbt then the workspace directory should contain build.sbt. 
WARN  no build tool detected in workspace 'E:\ScalaTutorial4'. The most common cause for this problem is that the editor was opened in the wrong working directory, for example if you use sbt then the workspace directory should contain build.sbt. 
WARN  no build tool detected in workspace 'E:\ScalaTutorial4'. The most common cause for this problem is that the editor was opened in the wrong working directory, for example if you use sbt then the workspace directory should contain build.sbt. 
WARN  no build tool detected in workspace 'E:\ScalaTutorial4'. The most common cause for this problem is that the editor was opened in the wrong working directory, for example if you use sbt then the workspace directory should contain build.sbt. 
WARN  no build target: E:\ScalaTutorial4\2.scala
WARN  no build target: 
WARN  no build tool detected in workspace 'E:\ScalaTutorial4'. The most common cause for this problem is that the editor was opened in the wrong working directory, for example if you use sbt then the workspace directory should contain build.sbt. 
WARN  no build target: E:\ScalaTutorial4\2.scala
WARN  no build target: 
WARN  no build target: E:\ScalaTutorial4\2.scala
WARN  no build target: 
WARN  no build target: E:\ScalaTutorial4\2.scala
WARN  no build target: 
WARN  no build tool detected in workspace 'E:\ScalaTutorial4'. The most common cause for this problem is that the editor was opened in the wrong working directory, for example if you use sbt then the workspace directory should contain build.sbt. 
WARN  no build tool detected in workspace 'E:\ScalaTutorial4'. The most common cause for this problem is that the editor was opened in the wrong working directory, for example if you use sbt then the workspace directory should contain build.sbt. 
WARN  no build target: E:\ScalaTutorial4\2.scala
WARN  no build target: 
WARN  no build target: E:\ScalaTutorial4\2.scala
WARN  no build target: 
WARN  no build target: E:\ScalaTutorial4\2.scala
WARN  no build target: 
WARN  no build tool detected in workspace 'E:\ScalaTutorial4'. The most common cause for this problem is that the editor was opened in the wrong working directory, for example if you use sbt then the workspace directory should contain build.sbt. 
WARN  no build target: E:\ScalaTutorial4\2.scala
WARN  no build target: 
WARN  no build tool detected in workspace 'E:\ScalaTutorial4'. The most common cause for this problem is that the editor was opened in the wrong working directory, for example if you use sbt then the workspace directory should contain build.sbt. 
WARN  no build target: E:\ScalaTutorial4\2.scala
WARN  no build target: 
Jul 31, 2022 10:33:00 AM org.eclipse.lsp4j.jsonrpc.RemoteEndpoint handleCancellation
WARNING: Unmatched cancel notification for request id 1015
WARN  no build target: E:\ScalaTutorial4\4.scala
WARN  no build target: 
WARN  no build tool detected in workspace 'E:\ScalaTutorial4'. The most common cause for this problem is that the editor was opened in the wrong working directory, for example if you use sbt then the workspace directory should contain build.sbt. 
WARN  no build target: E:\ScalaTutorial4\4.scala
WARN  no build target: 
WARN  no build tool detected in workspace 'E:\ScalaTutorial4'. The most common cause for this problem is that the editor was opened in the wrong working directory, for example if you use sbt then the workspace directory should contain build.sbt. 
WARN  no build tool detected in workspace 'E:\ScalaTutorial4'. The most common cause for this problem is that the editor was opened in the wrong working directory, for example if you use sbt then the workspace directory should contain build.sbt. 
WARN  no build tool detected in workspace 'E:\ScalaTutorial4'. The most common cause for this problem is that the editor was opened in the wrong working directory, for example if you use sbt then the workspace directory should contain build.sbt. 
INFO  shutting down Metals
INFO  time: initialize in 0.59s
WARN  no build tool detected in workspace 'E:\ScalaTutorial4'. The most common cause for this problem is that the editor was opened in the wrong working directory, for example if you use sbt then the workspace directory should contain build.sbt. 
WARN  no build target: E:\ScalaTutorial4\1.scala
WARN  no build target: E:\ScalaTutorial4\2.scala
WARN  no build target: E:\ScalaTutorial4\3.scala
WARN  no build target: E:\ScalaTutorial4\4.scala
WARN  no build target: E:\ScalaTutorial4\5.scala
INFO  no build target: using presentation compiler with only scala-library
WARN  no build target: E:\ScalaTutorial4\5.scala
WARN  no build target: 
WARN  no build target: E:\ScalaTutorial4\5.scala
WARN  no build target: 
WARN  no build tool detected in workspace 'E:\ScalaTutorial4'. The most common cause for this problem is that the editor was opened in the wrong working directory, for example if you use sbt then the workspace directory should contain build.sbt. 
WARN  no build tool detected in workspace 'E:\ScalaTutorial4'. The most common cause for this problem is that the editor was opened in the wrong working directory, for example if you use sbt then the workspace directory should contain build.sbt. 
WARN  no build tool detected in workspace 'E:\ScalaTutorial4'. The most common cause for this problem is that the editor was opened in the wrong working directory, for example if you use sbt then the workspace directory should contain build.sbt. 
WARN  no build tool detected in workspace 'E:\ScalaTutorial4'. The most common cause for this problem is that the editor was opened in the wrong working directory, for example if you use sbt then the workspace directory should contain build.sbt. 
WARN  no build target: E:\ScalaTutorial4\5.scala
WARN  no build target: 
WARN  no build tool detected in workspace 'E:\ScalaTutorial4'. The most common cause for this problem is that the editor was opened in the wrong working directory, for example if you use sbt then the workspace directory should contain build.sbt. 
WARN  no build target: E:\ScalaTutorial4\5.scala
WARN  no build target: 
WARN  no build target: E:\ScalaTutorial4\5.scala
WARN  no build target: 
WARN  no build tool detected in workspace 'E:\ScalaTutorial4'. The most common cause for this problem is that the editor was opened in the wrong working directory, for example if you use sbt then the workspace directory should contain build.sbt. 
WARN  no build target: E:\ScalaTutorial4\5.scala
WARN  no build target: 
WARN  no build tool detected in workspace 'E:\ScalaTutorial4'. The most common cause for this problem is that the editor was opened in the wrong working directory, for example if you use sbt then the workspace directory should contain build.sbt. 
WARN  no build target: E:\ScalaTutorial4\5.scala
WARN  no build target: 
WARN  no build target: E:\ScalaTutorial4\5.scala
WARN  no build target: 
something's wrong: no file:///E:/ScalaTutorial4/5.scala in Array[<error>]RangePosition(file:///E:/ScalaTutorial4/5.scala, 81, 81, 96)
something's wrong: no file:///E:/ScalaTutorial4/5.scala in Array[<error>]RangePosition(file:///E:/ScalaTutorial4/5.scala, 81, 81, 96)
something's wrong: no file:///E:/ScalaTutorial4/5.scala in Array[<error>]RangePosition(file:///E:/ScalaTutorial4/5.scala, 81, 81, 91)
something's wrong: no file:///E:/ScalaTutorial4/5.scala in Array[<error>]RangePosition(file:///E:/ScalaTutorial4/5.scala, 81, 81, 89)
something's wrong: no file:///E:/ScalaTutorial4/5.scala in Array[<error>]RangePosition(file:///E:/ScalaTutorial4/5.scala, 81, 81, 91)
something's wrong: no file:///E:/ScalaTutorial4/5.scala in Array[<error>]RangePosition(file:///E:/ScalaTutorial4/5.scala, 81, 81, 92)
something's wrong: no file:///E:/ScalaTutorial4/5.scala in Array[<error>]RangePosition(file:///E:/ScalaTutorial4/5.scala, 81, 81, 93)
something's wrong: no file:///E:/ScalaTutorial4/5.scala in Array[String]RangePosition(file:///E:/ScalaTutorial4/5.scala, 81, 81, 94)
WARN  no build target: E:\ScalaTutorial4\5.scala
WARN  no build target: 
WARN  no build target: E:\ScalaTutorial4\5.scala
WARN  no build target: 
WARN  no build target: E:\ScalaTutorial4\5.scala
WARN  no build target: 
WARN  no build target: E:\ScalaTutorial4\5.scala
WARN  no build target: 
WARN  no build target: E:\ScalaTutorial4\5.scala
WARN  no build target: 
WARN  no build target: E:\ScalaTutorial4\5.scala
WARN  no build target: 
WARN  no build target: E:\ScalaTutorial4\5.scala
WARN  no build target: 
WARN  no build target: E:\ScalaTutorial4\5.scala
WARN  no build target: 
WARN  no build target: E:\ScalaTutorial4\5.scala
WARN  no build target: 
WARN  no build target: E:\ScalaTutorial4\5.scala
WARN  no build target: 
WARN  no build tool detected in workspace 'E:\ScalaTutorial4'. The most common cause for this problem is that the editor was opened in the wrong working directory, for example if you use sbt then the workspace directory should contain build.sbt. 
WARN  no build target: E:\ScalaTutorial4\5.scala
WARN  no build target: 
WARN  no build tool detected in workspace 'E:\ScalaTutorial4'. The most common cause for this problem is that the editor was opened in the wrong working directory, for example if you use sbt then the workspace directory should contain build.sbt. 
WARN  no build tool detected in workspace 'E:\ScalaTutorial4'. The most common cause for this problem is that the editor was opened in the wrong working directory, for example if you use sbt then the workspace directory should contain build.sbt. 
WARN  no build target: E:\ScalaTutorial4\5.scala
WARN  no build target: 
WARN  no build target: E:\ScalaTutorial4\5.scala
WARN  no build target: 
WARN  no build target: E:\ScalaTutorial4\5.scala
WARN  no build target: 
Jul 31, 2022 12:02:57 PM scala.meta.internal.pc.Completions completionPosition
SEVERE: Cannot invoke "scala.reflect.internal.Types$Type.decls()" because the return value of "scala.reflect.internal.Trees$Tree.tpe()" is null
java.lang.NullPointerException: Cannot invoke "scala.reflect.internal.Types$Type.decls()" because the return value of "scala.reflect.internal.Trees$Tree.tpe()" is null
	at scala.meta.internal.pc.Completions$CompletionPosition$Override.<init>(Completions.scala:948)
	at scala.meta.internal.pc.Completions.completionPositionUnsafe(Completions.scala:467)
	at scala.meta.internal.pc.Completions.completionPositionUnsafe$(Completions.scala:387)
	at scala.meta.internal.pc.MetalsGlobal.completionPositionUnsafe(MetalsGlobal.scala:23)
	at scala.meta.internal.pc.Completions.completionPosition(Completions.scala:379)
	at scala.meta.internal.pc.Completions.completionPosition$(Completions.scala:364)
	at scala.meta.internal.pc.MetalsGlobal.completionPosition(MetalsGlobal.scala:23)
	at scala.meta.internal.pc.CompletionProvider.safeCompletionsAt(CompletionProvider.scala:397)
	at scala.meta.internal.pc.CompletionProvider.completions(CompletionProvider.scala:47)
	at scala.meta.internal.pc.ScalaPresentationCompiler.$anonfun$complete$1(ScalaPresentationCompiler.scala:86)
	at scala.meta.internal.pc.CompilerAccess.withSharedCompiler(CompilerAccess.scala:119)
	at scala.meta.internal.pc.CompilerAccess.$anonfun$withInterruptableCompiler$1(CompilerAccess.scala:76)
	at scala.meta.internal.pc.CompilerAccess.$anonfun$onCompilerJobQueue$1(CompilerAccess.scala:191)
	at scala.meta.internal.pc.CompilerJobQueue$Job.run(CompilerJobQueue.scala:73)
	at java.base/java.util.concurrent.ThreadPoolExecutor.runWorker(ThreadPoolExecutor.java:1136)
	at java.base/java.util.concurrent.ThreadPoolExecutor$Worker.run(ThreadPoolExecutor.java:635)
	at java.base/java.lang.Thread.run(Thread.java:833)

Jul 31, 2022 12:02:58 PM scala.meta.internal.pc.Completions completionPosition
SEVERE: Cannot invoke "scala.reflect.internal.Types$Type.decls()" because the return value of "scala.reflect.internal.Trees$Tree.tpe()" is null
java.lang.NullPointerException: Cannot invoke "scala.reflect.internal.Types$Type.decls()" because the return value of "scala.reflect.internal.Trees$Tree.tpe()" is null
	at scala.meta.internal.pc.Completions$CompletionPosition$Override.<init>(Completions.scala:948)
	at scala.meta.internal.pc.Completions.completionPositionUnsafe(Completions.scala:467)
	at scala.meta.internal.pc.Completions.completionPositionUnsafe$(Completions.scala:387)
	at scala.meta.internal.pc.MetalsGlobal.completionPositionUnsafe(MetalsGlobal.scala:23)
	at scala.meta.internal.pc.Completions.completionPosition(Completions.scala:379)
	at scala.meta.internal.pc.Completions.completionPosition$(Completions.scala:364)
	at scala.meta.internal.pc.MetalsGlobal.completionPosition(MetalsGlobal.scala:23)
	at scala.meta.internal.pc.CompletionProvider.safeCompletionsAt(CompletionProvider.scala:397)
	at scala.meta.internal.pc.CompletionProvider.completions(CompletionProvider.scala:47)
	at scala.meta.internal.pc.ScalaPresentationCompiler.$anonfun$complete$1(ScalaPresentationCompiler.scala:86)
	at scala.meta.internal.pc.CompilerAccess.withSharedCompiler(CompilerAccess.scala:119)
	at scala.meta.internal.pc.CompilerAccess.$anonfun$withInterruptableCompiler$1(CompilerAccess.scala:76)
	at scala.meta.internal.pc.CompilerAccess.$anonfun$onCompilerJobQueue$1(CompilerAccess.scala:191)
	at scala.meta.internal.pc.CompilerJobQueue$Job.run(CompilerJobQueue.scala:73)
	at java.base/java.util.concurrent.ThreadPoolExecutor.runWorker(ThreadPoolExecutor.java:1136)
	at java.base/java.util.concurrent.ThreadPoolExecutor$Worker.run(ThreadPoolExecutor.java:635)
	at java.base/java.lang.Thread.run(Thread.java:833)

Jul 31, 2022 12:02:58 PM scala.meta.internal.pc.Completions completionPosition
SEVERE: Cannot invoke "scala.reflect.internal.Types$Type.decls()" because the return value of "scala.reflect.internal.Trees$Tree.tpe()" is null
java.lang.NullPointerException: Cannot invoke "scala.reflect.internal.Types$Type.decls()" because the return value of "scala.reflect.internal.Trees$Tree.tpe()" is null
	at scala.meta.internal.pc.Completions$CompletionPosition$Override.<init>(Completions.scala:948)
	at scala.meta.internal.pc.Completions.completionPositionUnsafe(Completions.scala:467)
	at scala.meta.internal.pc.Completions.completionPositionUnsafe$(Completions.scala:387)
	at scala.meta.internal.pc.MetalsGlobal.completionPositionUnsafe(MetalsGlobal.scala:23)
	at scala.meta.internal.pc.Completions.completionPosition(Completions.scala:379)
	at scala.meta.internal.pc.Completions.completionPosition$(Completions.scala:364)
	at scala.meta.internal.pc.MetalsGlobal.completionPosition(MetalsGlobal.scala:23)
	at scala.meta.internal.pc.CompletionProvider.safeCompletionsAt(CompletionProvider.scala:397)
	at scala.meta.internal.pc.CompletionProvider.completions(CompletionProvider.scala:47)
	at scala.meta.internal.pc.ScalaPresentationCompiler.$anonfun$complete$1(ScalaPresentationCompiler.scala:86)
	at scala.meta.internal.pc.CompilerAccess.withSharedCompiler(CompilerAccess.scala:119)
	at scala.meta.internal.pc.CompilerAccess.$anonfun$withInterruptableCompiler$1(CompilerAccess.scala:76)
	at scala.meta.internal.pc.CompilerAccess.$anonfun$onCompilerJobQueue$1(CompilerAccess.scala:191)
	at scala.meta.internal.pc.CompilerJobQueue$Job.run(CompilerJobQueue.scala:73)
	at java.base/java.util.concurrent.ThreadPoolExecutor.runWorker(ThreadPoolExecutor.java:1136)
	at java.base/java.util.concurrent.ThreadPoolExecutor$Worker.run(ThreadPoolExecutor.java:635)
	at java.base/java.lang.Thread.run(Thread.java:833)

WARN  no build tool detected in workspace 'E:\ScalaTutorial4'. The most common cause for this problem is that the editor was opened in the wrong working directory, for example if you use sbt then the workspace directory should contain build.sbt. 
WARN  no build tool detected in workspace 'E:\ScalaTutorial4'. The most common cause for this problem is that the editor was opened in the wrong working directory, for example if you use sbt then the workspace directory should contain build.sbt. 
WARN  no build tool detected in workspace 'E:\ScalaTutorial4'. The most common cause for this problem is that the editor was opened in the wrong working directory, for example if you use sbt then the workspace directory should contain build.sbt. 
WARN  no build tool detected in workspace 'E:\ScalaTutorial4'. The most common cause for this problem is that the editor was opened in the wrong working directory, for example if you use sbt then the workspace directory should contain build.sbt. 
WARN  no build target: E:\ScalaTutorial4\5.scala
WARN  no build target: 
WARN  no build tool detected in workspace 'E:\ScalaTutorial4'. The most common cause for this problem is that the editor was opened in the wrong working directory, for example if you use sbt then the workspace directory should contain build.sbt. 
WARN  no build tool detected in workspace 'E:\ScalaTutorial4'. The most common cause for this problem is that the editor was opened in the wrong working directory, for example if you use sbt then the workspace directory should contain build.sbt. 
WARN  no build target: E:\ScalaTutorial4\5.scala
WARN  no build target: 
WARN  no build tool detected in workspace 'E:\ScalaTutorial4'. The most common cause for this problem is that the editor was opened in the wrong working directory, for example if you use sbt then the workspace directory should contain build.sbt. 
WARN  no build tool detected in workspace 'E:\ScalaTutorial4'. The most common cause for this problem is that the editor was opened in the wrong working directory, for example if you use sbt then the workspace directory should contain build.sbt. 
WARN  no build target: E:\ScalaTutorial4\5.scala
WARN  no build target: 
WARN  no build tool detected in workspace 'E:\ScalaTutorial4'. The most common cause for this problem is that the editor was opened in the wrong working directory, for example if you use sbt then the workspace directory should contain build.sbt. 
WARN  no build tool detected in workspace 'E:\ScalaTutorial4'. The most common cause for this problem is that the editor was opened in the wrong working directory, for example if you use sbt then the workspace directory should contain build.sbt. 
WARN  no build tool detected in workspace 'E:\ScalaTutorial4'. The most common cause for this problem is that the editor was opened in the wrong working directory, for example if you use sbt then the workspace directory should contain build.sbt. 
WARN  no build tool detected in workspace 'E:\ScalaTutorial4'. The most common cause for this problem is that the editor was opened in the wrong working directory, for example if you use sbt then the workspace directory should contain build.sbt. 
WARN  no build target: E:\ScalaTutorial4\5.scala
WARN  no build target: 
WARN  no build tool detected in workspace 'E:\ScalaTutorial4'. The most common cause for this problem is that the editor was opened in the wrong working directory, for example if you use sbt then the workspace directory should contain build.sbt. 
WARN  no build tool detected in workspace 'E:\ScalaTutorial4'. The most common cause for this problem is that the editor was opened in the wrong working directory, for example if you use sbt then the workspace directory should contain build.sbt. 
WARN  no build tool detected in workspace 'E:\ScalaTutorial4'. The most common cause for this problem is that the editor was opened in the wrong working directory, for example if you use sbt then the workspace directory should contain build.sbt. 
WARN  no build target: E:\ScalaTutorial4\5.scala
WARN  no build target: 
WARN  no build tool detected in workspace 'E:\ScalaTutorial4'. The most common cause for this problem is that the editor was opened in the wrong working directory, for example if you use sbt then the workspace directory should contain build.sbt. 
WARN  no build target: E:\ScalaTutorial4\5.scala
WARN  no build target: 
WARN  no build tool detected in workspace 'E:\ScalaTutorial4'. The most common cause for this problem is that the editor was opened in the wrong working directory, for example if you use sbt then the workspace directory should contain build.sbt. 
WARN  no build target: E:\ScalaTutorial4\5.scala
WARN  no build target: 
WARN  no build tool detected in workspace 'E:\ScalaTutorial4'. The most common cause for this problem is that the editor was opened in the wrong working directory, for example if you use sbt then the workspace directory should contain build.sbt. 
WARN  no build tool detected in workspace 'E:\ScalaTutorial4'. The most common cause for this problem is that the editor was opened in the wrong working directory, for example if you use sbt then the workspace directory should contain build.sbt. 
WARN  no build tool detected in workspace 'E:\ScalaTutorial4'. The most common cause for this problem is that the editor was opened in the wrong working directory, for example if you use sbt then the workspace directory should contain build.sbt. 
WARN  no build target: E:\ScalaTutorial4\5.scala
WARN  no build target: 
WARN  no build tool detected in workspace 'E:\ScalaTutorial4'. The most common cause for this problem is that the editor was opened in the wrong working directory, for example if you use sbt then the workspace directory should contain build.sbt. 
WARN  no build target: E:\ScalaTutorial4\5.scala
WARN  no build target: 
WARN  no build target: E:\ScalaTutorial4\5.scala
WARN  no build target: 
WARN  no build target: E:\ScalaTutorial4\5.scala
WARN  no build target: 
WARN  no build target: E:\ScalaTutorial4\5.scala
WARN  no build target: 
WARN  no build target: E:\ScalaTutorial4\5.scala
WARN  no build target: 
WARN  no build target: E:\ScalaTutorial4\5.scala
WARN  no build target: 
WARN  no build target: E:\ScalaTutorial4\5.scala
WARN  no build target: 
WARN  no build target: E:\ScalaTutorial4\1.scala
  E:\ScalaTutorial4\2.scala
  E:\ScalaTutorial4\4.scala
  E:\ScalaTutorial4\5.scala
Aug 01, 2022 12:58:37 PM org.eclipse.lsp4j.jsonrpc.RemoteEndpoint handleNotification
WARNING: Notification threw an exception: {
  "jsonrpc": "2.0",
  "method": "workspace/didChangeWatchedFiles",
  "params": {
    "changes": [
      {
        "uri": "file:///E:/ScalaTutorial4/2.scala",
        "type": 3
      }
    ]
  }
}
java.lang.RuntimeException: java.lang.reflect.InvocationTargetException
	at org.eclipse.lsp4j.jsonrpc.services.GenericEndpoint.lambda$null$0(GenericEndpoint.java:67)
	at org.eclipse.lsp4j.jsonrpc.services.GenericEndpoint.notify(GenericEndpoint.java:152)
	at org.eclipse.lsp4j.jsonrpc.RemoteEndpoint.handleNotification(RemoteEndpoint.java:220)
	at org.eclipse.lsp4j.jsonrpc.RemoteEndpoint.consume(RemoteEndpoint.java:187)
	at org.eclipse.lsp4j.jsonrpc.json.StreamMessageProducer.handleMessage(StreamMessageProducer.java:192)
	at org.eclipse.lsp4j.jsonrpc.json.StreamMessageProducer.listen(StreamMessageProducer.java:94)
	at org.eclipse.lsp4j.jsonrpc.json.ConcurrentMessageProcessor.run(ConcurrentMessageProcessor.java:113)
	at java.base/java.util.concurrent.Executors$RunnableAdapter.call(Executors.java:539)
	at java.base/java.util.concurrent.FutureTask.run(FutureTask.java:264)
	at java.base/java.util.concurrent.ThreadPoolExecutor.runWorker(ThreadPoolExecutor.java:1136)
	at java.base/java.util.concurrent.ThreadPoolExecutor$Worker.run(ThreadPoolExecutor.java:635)
	at java.base/java.lang.Thread.run(Thread.java:833)
Caused by: java.lang.reflect.InvocationTargetException
	at java.base/jdk.internal.reflect.DirectMethodHandleAccessor.invoke(DirectMethodHandleAccessor.java:119)
	at java.base/java.lang.reflect.Method.invoke(Method.java:577)
	at org.eclipse.lsp4j.jsonrpc.services.GenericEndpoint.lambda$null$0(GenericEndpoint.java:65)
	... 11 more
Caused by: java.nio.file.NoSuchFileException: E:\ScalaTutorial4\2.scala
	at java.base/sun.nio.fs.WindowsException.translateToIOException(WindowsException.java:85)
	at java.base/sun.nio.fs.WindowsException.rethrowAsIOException(WindowsException.java:103)
	at java.base/sun.nio.fs.WindowsException.rethrowAsIOException(WindowsException.java:108)
	at java.base/sun.nio.fs.WindowsFileSystemProvider.newByteChannel(WindowsFileSystemProvider.java:236)
	at java.base/java.nio.file.Files.newByteChannel(Files.java:380)
	at java.base/java.nio.file.Files.newByteChannel(Files.java:432)
	at java.base/java.nio.file.Files.readAllBytes(Files.java:3289)
	at scala.meta.internal.io.PlatformFileIO$.slurp(PlatformFileIO.scala:45)
	at scala.meta.internal.io.FileIO$.slurp(FileIO.scala:24)
	at scala.meta.internal.metals.MetalsLanguageServer.$anonfun$onChange$1(MetalsLanguageServer.scala:725)
	at scala.meta.internal.metals.MetalsLanguageServer.$anonfun$onChange$1$adapted(MetalsLanguageServer.scala:724)
	at scala.collection.immutable.Stream.foreach(Stream.scala:533)
	at scala.meta.internal.metals.MetalsLanguageServer.onChange(MetalsLanguageServer.scala:724)
	at scala.meta.internal.metals.MetalsLanguageServer.didChangeWatchedFiles(MetalsLanguageServer.scala:689)
	at java.base/jdk.internal.reflect.DirectMethodHandleAccessor.invoke(DirectMethodHandleAccessor.java:104)
	... 13 more

Aug 01, 2022 12:58:37 PM org.eclipse.lsp4j.jsonrpc.RemoteEndpoint handleNotification
WARNING: Notification threw an exception: {
  "jsonrpc": "2.0",
  "method": "workspace/didChangeWatchedFiles",
  "params": {
    "changes": [
      {
        "uri": "file:///E:/ScalaTutorial4/3.scala",
        "type": 3
      }
    ]
  }
}
java.lang.RuntimeException: java.lang.reflect.InvocationTargetException
	at org.eclipse.lsp4j.jsonrpc.services.GenericEndpoint.lambda$null$0(GenericEndpoint.java:67)
	at org.eclipse.lsp4j.jsonrpc.services.GenericEndpoint.notify(GenericEndpoint.java:152)
	at org.eclipse.lsp4j.jsonrpc.RemoteEndpoint.handleNotification(RemoteEndpoint.java:220)
	at org.eclipse.lsp4j.jsonrpc.RemoteEndpoint.consume(RemoteEndpoint.java:187)
	at org.eclipse.lsp4j.jsonrpc.json.StreamMessageProducer.handleMessage(StreamMessageProducer.java:192)
	at org.eclipse.lsp4j.jsonrpc.json.StreamMessageProducer.listen(StreamMessageProducer.java:94)
	at org.eclipse.lsp4j.jsonrpc.json.ConcurrentMessageProcessor.run(ConcurrentMessageProcessor.java:113)
	at java.base/java.util.concurrent.Executors$RunnableAdapter.call(Executors.java:539)
	at java.base/java.util.concurrent.FutureTask.run(FutureTask.java:264)
	at java.base/java.util.concurrent.ThreadPoolExecutor.runWorker(ThreadPoolExecutor.java:1136)
	at java.base/java.util.concurrent.ThreadPoolExecutor$Worker.run(ThreadPoolExecutor.java:635)
	at java.base/java.lang.Thread.run(Thread.java:833)
Caused by: java.lang.reflect.InvocationTargetException
	at java.base/jdk.internal.reflect.DirectMethodHandleAccessor.invoke(DirectMethodHandleAccessor.java:119)
	at java.base/java.lang.reflect.Method.invoke(Method.java:577)
	at org.eclipse.lsp4j.jsonrpc.services.GenericEndpoint.lambda$null$0(GenericEndpoint.java:65)
	... 11 more
Caused by: java.nio.file.NoSuchFileException: E:\ScalaTutorial4\3.scala
	at java.base/sun.nio.fs.WindowsException.translateToIOException(WindowsException.java:85)
	at java.base/sun.nio.fs.WindowsException.rethrowAsIOException(WindowsException.java:103)
	at java.base/sun.nio.fs.WindowsException.rethrowAsIOException(WindowsException.java:108)
	at java.base/sun.nio.fs.WindowsFileSystemProvider.newByteChannel(WindowsFileSystemProvider.java:236)
	at java.base/java.nio.file.Files.newByteChannel(Files.java:380)
	at java.base/java.nio.file.Files.newByteChannel(Files.java:432)
	at java.base/java.nio.file.Files.readAllBytes(Files.java:3289)
	at scala.meta.internal.io.PlatformFileIO$.slurp(PlatformFileIO.scala:45)
	at scala.meta.internal.io.FileIO$.slurp(FileIO.scala:24)
	at scala.meta.internal.metals.MetalsLanguageServer.$anonfun$onChange$1(MetalsLanguageServer.scala:725)
	at scala.meta.internal.metals.MetalsLanguageServer.$anonfun$onChange$1$adapted(MetalsLanguageServer.scala:724)
	at scala.collection.immutable.Stream.foreach(Stream.scala:533)
	at scala.meta.internal.metals.MetalsLanguageServer.onChange(MetalsLanguageServer.scala:724)
	at scala.meta.internal.metals.MetalsLanguageServer.didChangeWatchedFiles(MetalsLanguageServer.scala:689)
	at java.base/jdk.internal.reflect.DirectMethodHandleAccessor.invoke(DirectMethodHandleAccessor.java:104)
	... 13 more

WARN  no build target: E:\ScalaTutorial4\2.scala
Aug 01, 2022 12:58:48 PM org.eclipse.lsp4j.jsonrpc.RemoteEndpoint handleNotification
WARNING: Notification threw an exception: {
  "jsonrpc": "2.0",
  "method": "workspace/didChangeWatchedFiles",
  "params": {
    "changes": [
      {
        "uri": "file:///E:/ScalaTutorial4/4.scala",
        "type": 3
      },
      {
        "uri": "file:///E:/ScalaTutorial4/2.scala",
        "type": 1
      },
      {
        "uri": "file:///E:/ScalaTutorial4/4.scala",
        "type": 1
      },
      {
        "uri": "file:///E:/ScalaTutorial4/2.scala",
        "type": 2
      }
    ]
  }
}
java.lang.RuntimeException: java.lang.reflect.InvocationTargetException
	at org.eclipse.lsp4j.jsonrpc.services.GenericEndpoint.lambda$null$0(GenericEndpoint.java:67)
	at org.eclipse.lsp4j.jsonrpc.services.GenericEndpoint.notify(GenericEndpoint.java:152)
	at org.eclipse.lsp4j.jsonrpc.RemoteEndpoint.handleNotification(RemoteEndpoint.java:220)
	at org.eclipse.lsp4j.jsonrpc.RemoteEndpoint.consume(RemoteEndpoint.java:187)
	at org.eclipse.lsp4j.jsonrpc.json.StreamMessageProducer.handleMessage(StreamMessageProducer.java:192)
	at org.eclipse.lsp4j.jsonrpc.json.StreamMessageProducer.listen(StreamMessageProducer.java:94)
	at org.eclipse.lsp4j.jsonrpc.json.ConcurrentMessageProcessor.run(ConcurrentMessageProcessor.java:113)
	at java.base/java.util.concurrent.Executors$RunnableAdapter.call(Executors.java:539)
	at java.base/java.util.concurrent.FutureTask.run(FutureTask.java:264)
	at java.base/java.util.concurrent.ThreadPoolExecutor.runWorker(ThreadPoolExecutor.java:1136)
	at java.base/java.util.concurrent.ThreadPoolExecutor$Worker.run(ThreadPoolExecutor.java:635)
	at java.base/java.lang.Thread.run(Thread.java:833)
Caused by: java.lang.reflect.InvocationTargetException
	at java.base/jdk.internal.reflect.DirectMethodHandleAccessor.invoke(DirectMethodHandleAccessor.java:119)
	at java.base/java.lang.reflect.Method.invoke(Method.java:577)
	at org.eclipse.lsp4j.jsonrpc.services.GenericEndpoint.lambda$null$0(GenericEndpoint.java:65)
	... 11 more
Caused by: java.nio.file.NoSuchFileException: E:\ScalaTutorial4\4.scala
	at java.base/sun.nio.fs.WindowsException.translateToIOException(WindowsException.java:85)
	at java.base/sun.nio.fs.WindowsException.rethrowAsIOException(WindowsException.java:103)
	at java.base/sun.nio.fs.WindowsException.rethrowAsIOException(WindowsException.java:108)
	at java.base/sun.nio.fs.WindowsFileSystemProvider.newByteChannel(WindowsFileSystemProvider.java:236)
	at java.base/java.nio.file.Files.newByteChannel(Files.java:380)
	at java.base/java.nio.file.Files.newByteChannel(Files.java:432)
	at java.base/java.nio.file.Files.readAllBytes(Files.java:3289)
	at scala.meta.internal.io.PlatformFileIO$.slurp(PlatformFileIO.scala:45)
	at scala.meta.internal.io.FileIO$.slurp(FileIO.scala:24)
	at scala.meta.internal.metals.MetalsLanguageServer.$anonfun$onChange$1(MetalsLanguageServer.scala:725)
	at scala.meta.internal.metals.MetalsLanguageServer.$anonfun$onChange$1$adapted(MetalsLanguageServer.scala:724)
	at scala.collection.immutable.Stream.foreach(Stream.scala:533)
	at scala.meta.internal.metals.MetalsLanguageServer.onChange(MetalsLanguageServer.scala:724)
	at scala.meta.internal.metals.MetalsLanguageServer.didChangeWatchedFiles(MetalsLanguageServer.scala:689)
	at java.base/jdk.internal.reflect.DirectMethodHandleAccessor.invoke(DirectMethodHandleAccessor.java:104)
	... 13 more

WARN  no build target: E:\ScalaTutorial4\2.scala
WARN  no build target: E:\ScalaTutorial4\3.scala
Aug 01, 2022 12:58:53 PM org.eclipse.lsp4j.jsonrpc.RemoteEndpoint handleNotification
WARNING: Notification threw an exception: {
  "jsonrpc": "2.0",
  "method": "workspace/didChangeWatchedFiles",
  "params": {
    "changes": [
      {
        "uri": "file:///E:/ScalaTutorial4/5.scala",
        "type": 3
      },
      {
        "uri": "file:///E:/ScalaTutorial4/3.scala",
        "type": 1
      },
      {
        "uri": "file:///E:/ScalaTutorial4/5.scala",
        "type": 1
      },
      {
        "uri": "file:///E:/ScalaTutorial4/3.scala",
        "type": 2
      }
    ]
  }
}
java.lang.RuntimeException: java.lang.reflect.InvocationTargetException
	at org.eclipse.lsp4j.jsonrpc.services.GenericEndpoint.lambda$null$0(GenericEndpoint.java:67)
	at org.eclipse.lsp4j.jsonrpc.services.GenericEndpoint.notify(GenericEndpoint.java:152)
	at org.eclipse.lsp4j.jsonrpc.RemoteEndpoint.handleNotification(RemoteEndpoint.java:220)
	at org.eclipse.lsp4j.jsonrpc.RemoteEndpoint.consume(RemoteEndpoint.java:187)
	at org.eclipse.lsp4j.jsonrpc.json.StreamMessageProducer.handleMessage(StreamMessageProducer.java:192)
	at org.eclipse.lsp4j.jsonrpc.json.StreamMessageProducer.listen(StreamMessageProducer.java:94)
	at org.eclipse.lsp4j.jsonrpc.json.ConcurrentMessageProcessor.run(ConcurrentMessageProcessor.java:113)
	at java.base/java.util.concurrent.Executors$RunnableAdapter.call(Executors.java:539)
	at java.base/java.util.concurrent.FutureTask.run(FutureTask.java:264)
	at java.base/java.util.concurrent.ThreadPoolExecutor.runWorker(ThreadPoolExecutor.java:1136)
	at java.base/java.util.concurrent.ThreadPoolExecutor$Worker.run(ThreadPoolExecutor.java:635)
	at java.base/java.lang.Thread.run(Thread.java:833)
Caused by: java.lang.reflect.InvocationTargetException
	at java.base/jdk.internal.reflect.DirectMethodHandleAccessor.invoke(DirectMethodHandleAccessor.java:119)
	at java.base/java.lang.reflect.Method.invoke(Method.java:577)
	at org.eclipse.lsp4j.jsonrpc.services.GenericEndpoint.lambda$null$0(GenericEndpoint.java:65)
	... 11 more
Caused by: java.nio.file.NoSuchFileException: E:\ScalaTutorial4\5.scala
	at java.base/sun.nio.fs.WindowsException.translateToIOException(WindowsException.java:85)
	at java.base/sun.nio.fs.WindowsException.rethrowAsIOException(WindowsException.java:103)
	at java.base/sun.nio.fs.WindowsException.rethrowAsIOException(WindowsException.java:108)
	at java.base/sun.nio.fs.WindowsFileSystemProvider.newByteChannel(WindowsFileSystemProvider.java:236)
	at java.base/java.nio.file.Files.newByteChannel(Files.java:380)
	at java.base/java.nio.file.Files.newByteChannel(Files.java:432)
	at java.base/java.nio.file.Files.readAllBytes(Files.java:3289)
	at scala.meta.internal.io.PlatformFileIO$.slurp(PlatformFileIO.scala:45)
	at scala.meta.internal.io.FileIO$.slurp(FileIO.scala:24)
	at scala.meta.internal.metals.MetalsLanguageServer.$anonfun$onChange$1(MetalsLanguageServer.scala:725)
	at scala.meta.internal.metals.MetalsLanguageServer.$anonfun$onChange$1$adapted(MetalsLanguageServer.scala:724)
	at scala.collection.immutable.Stream.foreach(Stream.scala:533)
	at scala.meta.internal.metals.MetalsLanguageServer.onChange(MetalsLanguageServer.scala:724)
	at scala.meta.internal.metals.MetalsLanguageServer.didChangeWatchedFiles(MetalsLanguageServer.scala:689)
	at java.base/jdk.internal.reflect.DirectMethodHandleAccessor.invoke(DirectMethodHandleAccessor.java:104)
	... 13 more

WARN  no build target: E:\ScalaTutorial4\3.scala
INFO  shutting down Metals
INFO  time: initialize in 0.56s
WARN  no build tool detected in workspace 'E:\ScalaTutorial4'. The most common cause for this problem is that the editor was opened in the wrong working directory, for example if you use sbt then the workspace directory should contain build.sbt. 
WARN  no build target: E:\ScalaTutorial4\2.scala
INFO  no build target: using presentation compiler with only scala-library
WARN  no build tool detected in workspace 'E:\ScalaTutorial4'. The most common cause for this problem is that the editor was opened in the wrong working directory, for example if you use sbt then the workspace directory should contain build.sbt. 
WARN  no build target: E:\ScalaTutorial4\3.scala
WARN  no build target: E:\ScalaTutorial4\1.scala
WARN  no build tool detected in workspace 'E:\ScalaTutorial4'. The most common cause for this problem is that the editor was opened in the wrong working directory, for example if you use sbt then the workspace directory should contain build.sbt. 
WARN  no build target: E:\ScalaTutorial4\1.scala
WARN  no build target: E:\ScalaTutorial4\1.scala
WARN  no build target: 
WARN  no build target: E:\ScalaTutorial4\2.scala
WARN  no build target: E:\ScalaTutorial4\2.scala
WARN  no build target: 
WARN  no build target: E:\ScalaTutorial4\3.scala
something's wrong: no file:///E:/ScalaTutorial4/3.scala in String => StringRangePosition(file:///E:/ScalaTutorial4/3.scala, 588, 596, 604)
something's wrong: no file:///E:/ScalaTutorial4/3.scala in () => <error>RangePosition(file:///E:/ScalaTutorial4/3.scala, 588, 590, 732)
something's wrong: no file:///E:/ScalaTutorial4/3.scala in () => <error>RangePosition(file:///E:/ScalaTutorial4/3.scala, 588, 590, 732)
WARN  no build tool detected in workspace 'E:\ScalaTutorial4'. The most common cause for this problem is that the editor was opened in the wrong working directory, for example if you use sbt then the workspace directory should contain build.sbt. 
WARN  no build target: E:\ScalaTutorial4\3.scala
WARN  no build target: 
WARN  no build target: E:\ScalaTutorial4\3.scala
WARN  no build target: 
WARN  no build target: E:\ScalaTutorial4\3.scala
WARN  no build target: 
WARN  no build tool detected in workspace 'E:\ScalaTutorial4'. The most common cause for this problem is that the editor was opened in the wrong working directory, for example if you use sbt then the workspace directory should contain build.sbt. 
WARN  no build tool detected in workspace 'E:\ScalaTutorial4'. The most common cause for this problem is that the editor was opened in the wrong working directory, for example if you use sbt then the workspace directory should contain build.sbt. 
WARN  no build tool detected in workspace 'E:\ScalaTutorial4'. The most common cause for this problem is that the editor was opened in the wrong working directory, for example if you use sbt then the workspace directory should contain build.sbt. 
WARN  no build tool detected in workspace 'E:\ScalaTutorial4'. The most common cause for this problem is that the editor was opened in the wrong working directory, for example if you use sbt then the workspace directory should contain build.sbt. 
WARN  no build tool detected in workspace 'E:\ScalaTutorial4'. The most common cause for this problem is that the editor was opened in the wrong working directory, for example if you use sbt then the workspace directory should contain build.sbt. 
WARN  no build target: E:\ScalaTutorial4\3.scala
WARN  no build target: 
WARN  no build tool detected in workspace 'E:\ScalaTutorial4'. The most common cause for this problem is that the editor was opened in the wrong working directory, for example if you use sbt then the workspace directory should contain build.sbt. 
WARN  no build tool detected in workspace 'E:\ScalaTutorial4'. The most common cause for this problem is that the editor was opened in the wrong working directory, for example if you use sbt then the workspace directory should contain build.sbt. 
WARN  no build target: E:\ScalaTutorial4\3.scala
WARN  no build target: 
WARN  no build tool detected in workspace 'E:\ScalaTutorial4'. The most common cause for this problem is that the editor was opened in the wrong working directory, for example if you use sbt then the workspace directory should contain build.sbt. 
something's wrong: no file:///E:/ScalaTutorial4/3.scala in String => StringRangePosition(file:///E:/ScalaTutorial4/3.scala, 590, 598, 606)
WARN  no build tool detected in workspace 'E:\ScalaTutorial4'. The most common cause for this problem is that the editor was opened in the wrong working directory, for example if you use sbt then the workspace directory should contain build.sbt. 
WARN  no build target: E:\ScalaTutorial4\3.scala
WARN  no build target: 
WARN  no build target: E:\ScalaTutorial4\3.scala
WARN  no build target: 
WARN  no build tool detected in workspace 'E:\ScalaTutorial4'. The most common cause for this problem is that the editor was opened in the wrong working directory, for example if you use sbt then the workspace directory should contain build.sbt. 
WARN  no build tool detected in workspace 'E:\ScalaTutorial4'. The most common cause for this problem is that the editor was opened in the wrong working directory, for example if you use sbt then the workspace directory should contain build.sbt. 
WARN  no build tool detected in workspace 'E:\ScalaTutorial4'. The most common cause for this problem is that the editor was opened in the wrong working directory, for example if you use sbt then the workspace directory should contain build.sbt. 
WARN  no build tool detected in workspace 'E:\ScalaTutorial4'. The most common cause for this problem is that the editor was opened in the wrong working directory, for example if you use sbt then the workspace directory should contain build.sbt. 
WARN  no build tool detected in workspace 'E:\ScalaTutorial4'. The most common cause for this problem is that the editor was opened in the wrong working directory, for example if you use sbt then the workspace directory should contain build.sbt. 
WARN  no build target: E:\ScalaTutorial4\3.scala
WARN  no build target: 
WARN  no build target: E:\ScalaTutorial4\3.scala
WARN  no build target: 
WARN  no build target: E:\ScalaTutorial4\3.scala
WARN  no build target: 
WARN  no build tool detected in workspace 'E:\ScalaTutorial4'. The most common cause for this problem is that the editor was opened in the wrong working directory, for example if you use sbt then the workspace directory should contain build.sbt. 
WARN  no build target: E:\ScalaTutorial4\3.scala
WARN  no build target: 
WARN  no build tool detected in workspace 'E:\ScalaTutorial4'. The most common cause for this problem is that the editor was opened in the wrong working directory, for example if you use sbt then the workspace directory should contain build.sbt. 
WARN  no build tool detected in workspace 'E:\ScalaTutorial4'. The most common cause for this problem is that the editor was opened in the wrong working directory, for example if you use sbt then the workspace directory should contain build.sbt. 
WARN  no build target: E:\ScalaTutorial4\3.scala
WARN  no build target: 
WARN  no build tool detected in workspace 'E:\ScalaTutorial4'. The most common cause for this problem is that the editor was opened in the wrong working directory, for example if you use sbt then the workspace directory should contain build.sbt. 
WARN  no build tool detected in workspace 'E:\ScalaTutorial4'. The most common cause for this problem is that the editor was opened in the wrong working directory, for example if you use sbt then the workspace directory should contain build.sbt. 
WARN  no build target: E:\ScalaTutorial4\3.scala
WARN  no build target: 
WARN  no build tool detected in workspace 'E:\ScalaTutorial4'. The most common cause for this problem is that the editor was opened in the wrong working directory, for example if you use sbt then the workspace directory should contain build.sbt. 
WARN  no build target: E:\ScalaTutorial4\3.scala
WARN  no build target: 
WARN  no build tool detected in workspace 'E:\ScalaTutorial4'. The most common cause for this problem is that the editor was opened in the wrong working directory, for example if you use sbt then the workspace directory should contain build.sbt. 
WARN  no build tool detected in workspace 'E:\ScalaTutorial4'. The most common cause for this problem is that the editor was opened in the wrong working directory, for example if you use sbt then the workspace directory should contain build.sbt. 
WARN  no build target: E:\ScalaTutorial4\3.scala
WARN  no build target: 
WARN  no build tool detected in workspace 'E:\ScalaTutorial4'. The most common cause for this problem is that the editor was opened in the wrong working directory, for example if you use sbt then the workspace directory should contain build.sbt. 
WARN  no build tool detected in workspace 'E:\ScalaTutorial4'. The most common cause for this problem is that the editor was opened in the wrong working directory, for example if you use sbt then the workspace directory should contain build.sbt. 
WARN  no build target: E:\ScalaTutorial4\3.scala
WARN  no build target: 
WARN  no build tool detected in workspace 'E:\ScalaTutorial4'. The most common cause for this problem is that the editor was opened in the wrong working directory, for example if you use sbt then the workspace directory should contain build.sbt. 
WARN  no build tool detected in workspace 'E:\ScalaTutorial4'. The most common cause for this problem is that the editor was opened in the wrong working directory, for example if you use sbt then the workspace directory should contain build.sbt. 
WARN  no build target: E:\ScalaTutorial4\3.scala
WARN  no build target: 
WARN  no build tool detected in workspace 'E:\ScalaTutorial4'. The most common cause for this problem is that the editor was opened in the wrong working directory, for example if you use sbt then the workspace directory should contain build.sbt. 
WARN  no build tool detected in workspace 'E:\ScalaTutorial4'. The most common cause for this problem is that the editor was opened in the wrong working directory, for example if you use sbt then the workspace directory should contain build.sbt. 
WARN  no build tool detected in workspace 'E:\ScalaTutorial4'. The most common cause for this problem is that the editor was opened in the wrong working directory, for example if you use sbt then the workspace directory should contain build.sbt. 
WARN  no build tool detected in workspace 'E:\ScalaTutorial4'. The most common cause for this problem is that the editor was opened in the wrong working directory, for example if you use sbt then the workspace directory should contain build.sbt. 
WARN  no build tool detected in workspace 'E:\ScalaTutorial4'. The most common cause for this problem is that the editor was opened in the wrong working directory, for example if you use sbt then the workspace directory should contain build.sbt. 
WARN  no build tool detected in workspace 'E:\ScalaTutorial4'. The most common cause for this problem is that the editor was opened in the wrong working directory, for example if you use sbt then the workspace directory should contain build.sbt. 
WARN  no build tool detected in workspace 'E:\ScalaTutorial4'. The most common cause for this problem is that the editor was opened in the wrong working directory, for example if you use sbt then the workspace directory should contain build.sbt. 
WARN  no build target: E:\ScalaTutorial4\3.scala
WARN  no build target: 
WARN  no build tool detected in workspace 'E:\ScalaTutorial4'. The most common cause for this problem is that the editor was opened in the wrong working directory, for example if you use sbt then the workspace directory should contain build.sbt. 
WARN  no build target: E:\ScalaTutorial4\3.scala
WARN  no build target: 
WARN  no build tool detected in workspace 'E:\ScalaTutorial4'. The most common cause for this problem is that the editor was opened in the wrong working directory, for example if you use sbt then the workspace directory should contain build.sbt. 
WARN  no build tool detected in workspace 'E:\ScalaTutorial4'. The most common cause for this problem is that the editor was opened in the wrong working directory, for example if you use sbt then the workspace directory should contain build.sbt. 
WARN  no build target: E:\ScalaTutorial4\3.scala
WARN  no build target: 
WARN  no build tool detected in workspace 'E:\ScalaTutorial4'. The most common cause for this problem is that the editor was opened in the wrong working directory, for example if you use sbt then the workspace directory should contain build.sbt. 
WARN  no build target: E:\ScalaTutorial4\3.scala
WARN  no build target: 
WARN  no build target: E:\ScalaTutorial4\3.scala
WARN  no build target: 
WARN  no build target: E:\ScalaTutorial4\3.scala
WARN  no build target: 
WARN  no build target: E:\ScalaTutorial4\3.scala
WARN  no build target: 
WARN  no build target: E:\ScalaTutorial4\3.scala
WARN  no build target: 
WARN  no build target: E:\ScalaTutorial4\3.scala
WARN  no build target: 
WARN  no build tool detected in workspace 'E:\ScalaTutorial4'. The most common cause for this problem is that the editor was opened in the wrong working directory, for example if you use sbt then the workspace directory should contain build.sbt. 
WARN  no build target: E:\ScalaTutorial4\3.scala
WARN  no build target: 
WARN  no build tool detected in workspace 'E:\ScalaTutorial4'. The most common cause for this problem is that the editor was opened in the wrong working directory, for example if you use sbt then the workspace directory should contain build.sbt. 
WARN  no build tool detected in workspace 'E:\ScalaTutorial4'. The most common cause for this problem is that the editor was opened in the wrong working directory, for example if you use sbt then the workspace directory should contain build.sbt. 
WARN  no build tool detected in workspace 'E:\ScalaTutorial4'. The most common cause for this problem is that the editor was opened in the wrong working directory, for example if you use sbt then the workspace directory should contain build.sbt. 
WARN  no build target: E:\ScalaTutorial4\3.scala
WARN  no build target: 
WARN  no build tool detected in workspace 'E:\ScalaTutorial4'. The most common cause for this problem is that the editor was opened in the wrong working directory, for example if you use sbt then the workspace directory should contain build.sbt. 
WARN  no build target: E:\ScalaTutorial4\1.scala
WARN  no build target: 
INFO  shutting down Metals
